Traceback (most recent call last):
  File "/Users/fcalado/.conda/envs/jb/lib/python3.11/site-packages/jupyter_cache/executors/utils.py", line 58, in single_nb_execution
    executenb(
  File "/Users/fcalado/.conda/envs/jb/lib/python3.11/site-packages/nbclient/client.py", line 1319, in execute
    return NotebookClient(nb=nb, resources=resources, km=km, **kwargs).execute()
           ^^^^^^^^^^^^^^^^^^^^^^^^^^^^^^^^^^^^^^^^^^^^^^^^^^^^^^^^^^^^^^^^^^^^^
  File "/Users/fcalado/.conda/envs/jb/lib/python3.11/site-packages/jupyter_core/utils/__init__.py", line 165, in wrapped
    return loop.run_until_complete(inner)
           ^^^^^^^^^^^^^^^^^^^^^^^^^^^^^^
  File "/Users/fcalado/.conda/envs/jb/lib/python3.11/asyncio/base_events.py", line 654, in run_until_complete
    return future.result()
           ^^^^^^^^^^^^^^^
  File "/Users/fcalado/.conda/envs/jb/lib/python3.11/site-packages/nbclient/client.py", line 709, in async_execute
    await self.async_execute_cell(
  File "/Users/fcalado/.conda/envs/jb/lib/python3.11/site-packages/nbclient/client.py", line 1062, in async_execute_cell
    await self._check_raise_for_error(cell, cell_index, exec_reply)
  File "/Users/fcalado/.conda/envs/jb/lib/python3.11/site-packages/nbclient/client.py", line 918, in _check_raise_for_error
    raise CellExecutionError.from_cell_and_msg(cell, exec_reply_content)
nbclient.exceptions.CellExecutionError: An error occurred while executing the following cell:
------------------
# a bunch of empty lists where we will dump our data
titles = []
captions = []
categories = []
descriptions = []
links = []

# our for loop that saves each item we want from the bill_cards
for item in bill_cards:
    title = item.h3.text
    category = item.find('span').text
    caption = item.h2.text
    description = item.p.text
    link = 'https://translegislation.com/bills/2023/passed' + item.a['href']
    
    # adding the items to the empty lists
    titles.append(title)
    categories.append(category)
    captions.append(caption)
    descriptions.append(description)
    links.append(link)
------------------


[0;31m---------------------------------------------------------------------------[0m
[0;31mAttributeError[0m                            Traceback (most recent call last)
Cell [0;32mIn[6], line 13[0m
[1;32m     11[0m category [38;5;241m=[39m item[38;5;241m.[39mfind([38;5;124m'[39m[38;5;124mspan[39m[38;5;124m'[39m)[38;5;241m.[39mtext
[1;32m     12[0m caption [38;5;241m=[39m item[38;5;241m.[39mh2[38;5;241m.[39mtext
[0;32m---> 13[0m description [38;5;241m=[39m item[38;5;241m.[39mp[38;5;241m.[39mtext
[1;32m     14[0m link [38;5;241m=[39m [38;5;124m'[39m[38;5;124mhttps://translegislation.com/bills/2023/passed[39m[38;5;124m'[39m [38;5;241m+[39m item[38;5;241m.[39ma[[38;5;124m'[39m[38;5;124mhref[39m[38;5;124m'[39m]
[1;32m     16[0m [38;5;66;03m# adding the items to the empty lists[39;00m

[0;31mAttributeError[0m: 'NoneType' object has no attribute 'text'

